  Systems.cpp
e:\git\pk42\systems\syssoftwarerenderer.h(63): warning C4244: 'argument': conversion from 'int' to 'float', possible loss of data
e:\git\pk42\systems\sysplayermechanics.h(72): warning C4101: 'j': unreferenced local variable
e:\git\pk42\systems\systems.h(35): warning C4251: 'coreSystem::vSystems': class 'std::vector<Node *,std::allocator<_Ty>>' needs to have dll-interface to be used by clients of class 'coreSystem'
          with
          [
              _Ty=Node *
          ]
  e:\git\pk42\systems\sysmsgbus.h(343): note: see declaration of 'std::vector<Node *,std::allocator<_Ty>>'
          with
          [
              _Ty=Node *
          ]
e:\git\pk42\systems\systems.h(48): warning C4251: 'pk42Core::vGameSystems': class 'std::vector<Node *,std::allocator<_Ty>>' needs to have dll-interface to be used by clients of class 'pk42Core'
          with
          [
              _Ty=Node *
          ]
  e:\git\pk42\systems\sysmsgbus.h(343): note: see declaration of 'std::vector<Node *,std::allocator<_Ty>>'
          with
          [
              _Ty=Node *
          ]
     Creating library E:\git\pk42\bin\Systems.lib and object E:\git\pk42\bin\Systems.exp
  Systems.vcxproj -> E:\git\pk42\bin\Systems.dll
